Started GET "/articles" for 127.0.0.1 at 2017-02-12 11:22:31 -0600
  
ActiveRecord::NoDatabaseError (FATAL:  database "rails_blog_development" does not exist
):
  
activerecord (5.0.1) lib/active_record/connection_adapters/postgresql_adapter.rb:675:in `rescue in connect'
activerecord (5.0.1) lib/active_record/connection_adapters/postgresql_adapter.rb:671:in `connect'
activerecord (5.0.1) lib/active_record/connection_adapters/postgresql_adapter.rb:217:in `initialize'
activerecord (5.0.1) lib/active_record/connection_adapters/postgresql_adapter.rb:37:in `new'
activerecord (5.0.1) lib/active_record/connection_adapters/postgresql_adapter.rb:37:in `postgresql_connection'
activerecord (5.0.1) lib/active_record/connection_adapters/abstract/connection_pool.rb:729:in `new_connection'
activerecord (5.0.1) lib/active_record/connection_adapters/abstract/connection_pool.rb:773:in `checkout_new_connection'
activerecord (5.0.1) lib/active_record/connection_adapters/abstract/connection_pool.rb:752:in `try_to_checkout_new_connection'
activerecord (5.0.1) lib/active_record/connection_adapters/abstract/connection_pool.rb:713:in `acquire_connection'
activerecord (5.0.1) lib/active_record/connection_adapters/abstract/connection_pool.rb:490:in `checkout'
activerecord (5.0.1) lib/active_record/connection_adapters/abstract/connection_pool.rb:364:in `connection'
activerecord (5.0.1) lib/active_record/connection_adapters/abstract/connection_pool.rb:883:in `retrieve_connection'
activerecord (5.0.1) lib/active_record/connection_handling.rb:128:in `retrieve_connection'
activerecord (5.0.1) lib/active_record/connection_handling.rb:91:in `connection'
activerecord (5.0.1) lib/active_record/migration.rb:559:in `connection'
activerecord (5.0.1) lib/active_record/migration.rb:546:in `call'
actionpack (5.0.1) lib/action_dispatch/middleware/callbacks.rb:38:in `block in call'
activesupport (5.0.1) lib/active_support/callbacks.rb:97:in `__run_callbacks__'
activesupport (5.0.1) lib/active_support/callbacks.rb:750:in `_run_call_callbacks'
activesupport (5.0.1) lib/active_support/callbacks.rb:90:in `run_callbacks'
actionpack (5.0.1) lib/action_dispatch/middleware/callbacks.rb:36:in `call'
actionpack (5.0.1) lib/action_dispatch/middleware/executor.rb:12:in `call'
actionpack (5.0.1) lib/action_dispatch/middleware/remote_ip.rb:79:in `call'
actionpack (5.0.1) lib/action_dispatch/middleware/debug_exceptions.rb:49:in `call'
web-console (3.4.0) lib/web_console/middleware.rb:135:in `call_app'
web-console (3.4.0) lib/web_console/middleware.rb:28:in `block in call'
web-console (3.4.0) lib/web_console/middleware.rb:18:in `catch'
web-console (3.4.0) lib/web_console/middleware.rb:18:in `call'
actionpack (5.0.1) lib/action_dispatch/middleware/show_exceptions.rb:31:in `call'
railties (5.0.1) lib/rails/rack/logger.rb:36:in `call_app'
railties (5.0.1) lib/rails/rack/logger.rb:24:in `block in call'
activesupport (5.0.1) lib/active_support/tagged_logging.rb:69:in `block in tagged'
activesupport (5.0.1) lib/active_support/tagged_logging.rb:26:in `tagged'
activesupport (5.0.1) lib/active_support/tagged_logging.rb:69:in `tagged'
railties (5.0.1) lib/rails/rack/logger.rb:24:in `call'
sprockets-rails (3.2.0) lib/sprockets/rails/quiet_assets.rb:13:in `call'
actionpack (5.0.1) lib/action_dispatch/middleware/request_id.rb:24:in `call'
rack (2.0.1) lib/rack/method_override.rb:22:in `call'
rack (2.0.1) lib/rack/runtime.rb:22:in `call'
activesupport (5.0.1) lib/active_support/cache/strategy/local_cache_middleware.rb:28:in `call'
actionpack (5.0.1) lib/action_dispatch/middleware/executor.rb:12:in `call'
actionpack (5.0.1) lib/action_dispatch/middleware/static.rb:136:in `call'
rack (2.0.1) lib/rack/sendfile.rb:111:in `call'
railties (5.0.1) lib/rails/engine.rb:522:in `call'
puma (3.7.0) lib/puma/configuration.rb:226:in `call'
puma (3.7.0) lib/puma/server.rb:578:in `handle_request'
puma (3.7.0) lib/puma/server.rb:415:in `process_client'
puma (3.7.0) lib/puma/server.rb:275:in `block in run'
puma (3.7.0) lib/puma/thread_pool.rb:120:in `block in spawn_thread'
  Rendering /var/lib/gems/2.3.0/gems/actionpack-5.0.1/lib/action_dispatch/middleware/templates/rescues/diagnostics.html.erb within rescues/layout
  Rendering /var/lib/gems/2.3.0/gems/actionpack-5.0.1/lib/action_dispatch/middleware/templates/rescues/_source.html.erb
  Rendered /var/lib/gems/2.3.0/gems/actionpack-5.0.1/lib/action_dispatch/middleware/templates/rescues/_source.html.erb (5.6ms)
  Rendering /var/lib/gems/2.3.0/gems/actionpack-5.0.1/lib/action_dispatch/middleware/templates/rescues/_trace.html.erb
  Rendered /var/lib/gems/2.3.0/gems/actionpack-5.0.1/lib/action_dispatch/middleware/templates/rescues/_trace.html.erb (3.9ms)
  Rendering /var/lib/gems/2.3.0/gems/actionpack-5.0.1/lib/action_dispatch/middleware/templates/rescues/_request_and_response.html.erb
  Rendered /var/lib/gems/2.3.0/gems/actionpack-5.0.1/lib/action_dispatch/middleware/templates/rescues/_request_and_response.html.erb (1.6ms)
  Rendered /var/lib/gems/2.3.0/gems/actionpack-5.0.1/lib/action_dispatch/middleware/templates/rescues/diagnostics.html.erb within rescues/layout (46.8ms)
  [1m[35m (185.7ms)[0m  [1m[35mCREATE TABLE "schema_migrations" ("version" character varying PRIMARY KEY)[0m
  [1m[35m (153.3ms)[0m  [1m[35mCREATE TABLE "ar_internal_metadata" ("key" character varying PRIMARY KEY, "value" character varying, "created_at" timestamp NOT NULL, "updated_at" timestamp NOT NULL)[0m
  [1m[35m (0.5ms)[0m  [1m[34mSELECT pg_try_advisory_lock(5218249972321989435);[0m
  [1m[36mActiveRecord::SchemaMigration Load (0.6ms)[0m  [1m[34mSELECT "schema_migrations".* FROM "schema_migrations"[0m
Migrating to CreateArticles (20170212172038)
  [1m[35m (0.2ms)[0m  [1m[35mBEGIN[0m
  [1m[35m (142.7ms)[0m  [1m[35mCREATE TABLE "articles" ("id" serial primary key, "title" character varying NOT NULL, "body" text NOT NULL, "created_at" timestamp NOT NULL, "updated_at" timestamp NOT NULL)[0m
  [1m[35mSQL (0.6ms)[0m  [1m[32mINSERT INTO "schema_migrations" ("version") VALUES ($1) RETURNING "version"[0m  [["version", "20170212172038"]]
  [1m[35m (23.0ms)[0m  [1m[35mCOMMIT[0m
  [1m[36mActiveRecord::InternalMetadata Load (0.5ms)[0m  [1m[34mSELECT  "ar_internal_metadata".* FROM "ar_internal_metadata" WHERE "ar_internal_metadata"."key" = $1 LIMIT $2[0m  [["key", :environment], ["LIMIT", 1]]
  [1m[35m (0.2ms)[0m  [1m[35mBEGIN[0m
  [1m[35mSQL (0.6ms)[0m  [1m[32mINSERT INTO "ar_internal_metadata" ("key", "value", "created_at", "updated_at") VALUES ($1, $2, $3, $4) RETURNING "key"[0m  [["key", "environment"], ["value", "development"], ["created_at", 2017-02-12 17:22:51 UTC], ["updated_at", 2017-02-12 17:22:51 UTC]]
  [1m[35m (12.5ms)[0m  [1m[35mCOMMIT[0m
  [1m[35m (0.6ms)[0m  [1m[34mSELECT pg_advisory_unlock(5218249972321989435)[0m
  [1m[36mActiveRecord::SchemaMigration Load (0.5ms)[0m  [1m[34mSELECT "schema_migrations".* FROM "schema_migrations"[0m
Started GET "/articles" for 127.0.0.1 at 2017-02-12 11:23:15 -0600
  [1m[36mActiveRecord::SchemaMigration Load (0.7ms)[0m  [1m[34mSELECT "schema_migrations".* FROM "schema_migrations"[0m
Processing by ArticlesController#index as HTML
  Rendering articles/index.html.erb within layouts/application
  [1m[36mArticle Load (0.7ms)[0m  [1m[34mSELECT "articles".* FROM "articles"[0m
  Rendered articles/index.html.erb within layouts/application (14.9ms)
Completed 200 OK in 732ms (Views: 707.4ms | ActiveRecord: 2.8ms)


Started GET "/articles/new" for 127.0.0.1 at 2017-02-12 11:24:06 -0600
Processing by ArticlesController#new as HTML
  Rendering articles/new.html.erb within layouts/application
  Rendered articles/_form.html.erb (105.7ms)
  Rendered articles/new.html.erb within layouts/application (107.9ms)
Completed 200 OK in 185ms (Views: 160.5ms | ActiveRecord: 7.0ms)


Started POST "/articles" for 127.0.0.1 at 2017-02-12 11:24:14 -0600
Processing by ArticlesController#create as HTML
  Parameters: {"utf8"=>"✓", "authenticity_token"=>"aECT1t0MI1peHe0Y+b9nniQjc8BmO+77+x5gJLcXMBk72h7b3ffKnBhGK/CZ/k/LraFSWlfvQYjBjfjOH1F5Xg==", "article"=>{"title"=>"Let's try", "body"=>"shall we?  How's sthis all going...."}, "commit"=>"Create Article"}
  [1m[35m (0.2ms)[0m  [1m[35mBEGIN[0m
  [1m[35mSQL (1.1ms)[0m  [1m[32mINSERT INTO "articles" ("title", "body", "created_at", "updated_at") VALUES ($1, $2, $3, $4) RETURNING "id"[0m  [["title", "Let's try"], ["body", "shall we?  How's sthis all going...."], ["created_at", 2017-02-12 17:24:14 UTC], ["updated_at", 2017-02-12 17:24:14 UTC]]
  [1m[35m (66.7ms)[0m  [1m[35mCOMMIT[0m
Redirected to http://localhost:3000/articles/1
Completed 302 Found in 83ms (ActiveRecord: 68.0ms)


Started GET "/articles/1" for 127.0.0.1 at 2017-02-12 11:24:14 -0600
Processing by ArticlesController#show as HTML
  Parameters: {"id"=>"1"}
  [1m[36mArticle Load (0.5ms)[0m  [1m[34mSELECT  "articles".* FROM "articles" WHERE "articles"."id" = $1 LIMIT $2[0m  [["id", 1], ["LIMIT", 1]]
  Rendering articles/show.html.erb within layouts/application
  Rendered articles/show.html.erb within layouts/application (2.3ms)
Completed 200 OK in 99ms (Views: 52.1ms | ActiveRecord: 0.8ms)


Started GET "/articles" for 127.0.0.1 at 2017-02-12 11:24:17 -0600
Processing by ArticlesController#index as HTML
  Rendering articles/index.html.erb within layouts/application
  [1m[36mArticle Load (0.6ms)[0m  [1m[34mSELECT "articles".* FROM "articles"[0m
  Rendered articles/index.html.erb within layouts/application (3.2ms)
Completed 200 OK in 48ms (Views: 45.8ms | ActiveRecord: 0.6ms)


Started GET "/articles/1" for 127.0.0.1 at 2017-02-12 11:24:18 -0600
Processing by ArticlesController#show as HTML
  Parameters: {"id"=>"1"}
  [1m[36mArticle Load (1.1ms)[0m  [1m[34mSELECT  "articles".* FROM "articles" WHERE "articles"."id" = $1 LIMIT $2[0m  [["id", 1], ["LIMIT", 1]]
  Rendering articles/show.html.erb within layouts/application
  Rendered articles/show.html.erb within layouts/application (1.4ms)
Completed 200 OK in 43ms (Views: 38.0ms | ActiveRecord: 1.1ms)


Started GET "/articles/1/edit" for 127.0.0.1 at 2017-02-12 11:24:19 -0600
Processing by ArticlesController#edit as HTML
  Parameters: {"id"=>"1"}
  [1m[36mArticle Load (1.3ms)[0m  [1m[34mSELECT  "articles".* FROM "articles" WHERE "articles"."id" = $1 LIMIT $2[0m  [["id", 1], ["LIMIT", 1]]
  Rendering articles/edit.html.erb within layouts/application
  Rendered articles/_form.html.erb (4.7ms)
  Rendered articles/edit.html.erb within layouts/application (7.3ms)
Completed 200 OK in 54ms (Views: 48.7ms | ActiveRecord: 1.3ms)


Started PATCH "/articles/1" for 127.0.0.1 at 2017-02-12 11:24:22 -0600
Processing by ArticlesController#update as HTML
  Parameters: {"utf8"=>"✓", "authenticity_token"=>"sYtfWBsya3SFIDs6uEf6wqxSmzF3e6+koiBK+GbqJKLwt4o+6EEAY1IRlinehlQl4qxDrBWCmSWyWMOvrgn3yg==", "article"=>{"title"=>"Let's try", "body"=>"shall we?  How's this all going...."}, "commit"=>"Update Article", "id"=>"1"}
  [1m[36mArticle Load (1.1ms)[0m  [1m[34mSELECT  "articles".* FROM "articles" WHERE "articles"."id" = $1 LIMIT $2[0m  [["id", 1], ["LIMIT", 1]]
  [1m[35m (0.9ms)[0m  [1m[35mBEGIN[0m
  [1m[35mSQL (3.6ms)[0m  [1m[33mUPDATE "articles" SET "body" = $1, "updated_at" = $2 WHERE "articles"."id" = $3[0m  [["body", "shall we?  How's this all going...."], ["updated_at", 2017-02-12 17:24:22 UTC], ["id", 1]]
  [1m[35m (64.7ms)[0m  [1m[35mCOMMIT[0m
Redirected to http://localhost:3000/articles/1
Completed 302 Found in 81ms (ActiveRecord: 70.3ms)


Started GET "/articles/1" for 127.0.0.1 at 2017-02-12 11:24:22 -0600
Processing by ArticlesController#show as HTML
  Parameters: {"id"=>"1"}
  [1m[36mArticle Load (0.8ms)[0m  [1m[34mSELECT  "articles".* FROM "articles" WHERE "articles"."id" = $1 LIMIT $2[0m  [["id", 1], ["LIMIT", 1]]
  Rendering articles/show.html.erb within layouts/application
  Rendered articles/show.html.erb within layouts/application (1.0ms)
Completed 200 OK in 43ms (Views: 39.2ms | ActiveRecord: 0.8ms)


Started GET "/articles" for 127.0.0.1 at 2017-02-12 11:24:24 -0600
Processing by ArticlesController#index as HTML
  Rendering articles/index.html.erb within layouts/application
  [1m[36mArticle Load (0.5ms)[0m  [1m[34mSELECT "articles".* FROM "articles"[0m
  Rendered articles/index.html.erb within layouts/application (6.5ms)
Completed 200 OK in 50ms (Views: 45.4ms | ActiveRecord: 0.5ms)


Started GET "/articles/1" for 127.0.0.1 at 2017-02-12 11:24:25 -0600
Processing by ArticlesController#show as HTML
  Parameters: {"id"=>"1"}
  [1m[36mArticle Load (0.5ms)[0m  [1m[34mSELECT  "articles".* FROM "articles" WHERE "articles"."id" = $1 LIMIT $2[0m  [["id", 1], ["LIMIT", 1]]
  Rendering articles/show.html.erb within layouts/application
  Rendered articles/show.html.erb within layouts/application (2.7ms)
Completed 200 OK in 58ms (Views: 54.7ms | ActiveRecord: 0.5ms)


Started DELETE "/articles/1" for 127.0.0.1 at 2017-02-12 11:24:26 -0600
Processing by ArticlesController#destroy as HTML
  Parameters: {"authenticity_token"=>"Fqllf/tq73KD9Lj0nz6SYBV+LLALlid5py31ZqHD8ow/GlZthmpesigX6Irqiny+dsKOW3uOkTqNQr5OFsnzeA==", "id"=>"1"}
  [1m[36mArticle Load (0.6ms)[0m  [1m[34mSELECT  "articles".* FROM "articles" WHERE "articles"."id" = $1 LIMIT $2[0m  [["id", 1], ["LIMIT", 1]]
  [1m[35m (0.5ms)[0m  [1m[35mBEGIN[0m
  [1m[35mSQL (0.5ms)[0m  [1m[31mDELETE FROM "articles" WHERE "articles"."id" = $1[0m  [["id", 1]]
  [1m[35m (14.4ms)[0m  [1m[35mCOMMIT[0m
Redirected to http://localhost:3000/articles
Completed 302 Found in 22ms (ActiveRecord: 16.0ms)


Started GET "/articles" for 127.0.0.1 at 2017-02-12 11:24:26 -0600
Processing by ArticlesController#index as HTML
  Rendering articles/index.html.erb within layouts/application
  [1m[36mArticle Load (0.5ms)[0m  [1m[34mSELECT "articles".* FROM "articles"[0m
  Rendered articles/index.html.erb within layouts/application (2.2ms)
Completed 200 OK in 34ms (Views: 31.9ms | ActiveRecord: 0.5ms)


DEPRECATION WARNING: cleanup! is deprecated and will be removed from Rails 5.1 (use Rails.application.reloader.reload! instead of cleanup + prepare) (called from serve at /usr/lib/ruby/vendor_ruby/spring/application.rb:152)
DEPRECATION WARNING: prepare! is deprecated and will be removed from Rails 5.1 (use Rails.application.reloader.prepare! instead) (called from serve at /usr/lib/ruby/vendor_ruby/spring/application.rb:153)
  [1m[35m (0.4ms)[0m  [1m[34mSELECT pg_try_advisory_lock(5218249972321989435);[0m
  [1m[36mActiveRecord::SchemaMigration Load (0.8ms)[0m  [1m[34mSELECT "schema_migrations".* FROM "schema_migrations"[0m
Migrating to CreateComments (20170212174609)
  [1m[35m (0.3ms)[0m  [1m[35mBEGIN[0m
  [1m[35m (187.0ms)[0m  [1m[35mCREATE TABLE "comments" ("id" serial primary key, "article_id" integer NOT NULL, "body" text NOT NULL, "created_at" timestamp NOT NULL, "updated_at" timestamp NOT NULL)[0m
  [1m[35mSQL (0.7ms)[0m  [1m[32mINSERT INTO "schema_migrations" ("version") VALUES ($1) RETURNING "version"[0m  [["version", "20170212174609"]]
  [1m[35m (20.5ms)[0m  [1m[35mCOMMIT[0m
  [1m[36mActiveRecord::InternalMetadata Load (0.7ms)[0m  [1m[34mSELECT  "ar_internal_metadata".* FROM "ar_internal_metadata" WHERE "ar_internal_metadata"."key" = $1 LIMIT $2[0m  [["key", :environment], ["LIMIT", 1]]
  [1m[35m (0.2ms)[0m  [1m[35mBEGIN[0m
  [1m[35m (0.2ms)[0m  [1m[35mCOMMIT[0m
  [1m[35m (0.4ms)[0m  [1m[34mSELECT pg_advisory_unlock(5218249972321989435)[0m
  [1m[36mActiveRecord::SchemaMigration Load (0.5ms)[0m  [1m[34mSELECT "schema_migrations".* FROM "schema_migrations"[0m
DEPRECATION WARNING: cleanup! is deprecated and will be removed from Rails 5.1 (use Rails.application.reloader.reload! instead of cleanup + prepare) (called from serve at /usr/lib/ruby/vendor_ruby/spring/application.rb:152)
DEPRECATION WARNING: prepare! is deprecated and will be removed from Rails 5.1 (use Rails.application.reloader.prepare! instead) (called from serve at /usr/lib/ruby/vendor_ruby/spring/application.rb:153)
  [1m[36mArticle Load (0.8ms)[0m  [1m[34mSELECT "articles".* FROM "articles"[0m
  [1m[36mArticle Load (0.5ms)[0m  [1m[34mSELECT  "articles".* FROM "articles" ORDER BY "articles"."id" ASC LIMIT $1[0m  [["LIMIT", 1]]
Started GET "/articles/new" for 127.0.0.1 at 2017-02-12 12:03:22 -0600
  [1m[36mActiveRecord::SchemaMigration Load (0.4ms)[0m  [1m[34mSELECT "schema_migrations".* FROM "schema_migrations"[0m
Processing by ArticlesController#new as HTML
  Rendering articles/new.html.erb within layouts/application
  Rendered articles/_form.html.erb (4.0ms)
  Rendered articles/new.html.erb within layouts/application (5.5ms)
Completed 200 OK in 53ms (Views: 30.2ms | ActiveRecord: 3.8ms)


Started POST "/articles" for 127.0.0.1 at 2017-02-12 12:03:36 -0600
Processing by ArticlesController#create as HTML
  Parameters: {"utf8"=>"✓", "authenticity_token"=>"QYe+MJbTAAPhj9hduo1FVDV9EMDzJ+/1hx5C12hfAS4SHTM9lijpxafUHrXazG0BvP8xWsLzQIa9jdo9wBlIaQ==", "article"=>{"title"=>"Oh Hallo thar...", "body"=>"How you be?"}, "commit"=>"Create Article"}
  [1m[35m (1.4ms)[0m  [1m[35mBEGIN[0m
  [1m[35mSQL (0.4ms)[0m  [1m[32mINSERT INTO "articles" ("title", "body", "created_at", "updated_at") VALUES ($1, $2, $3, $4) RETURNING "id"[0m  [["title", "Oh Hallo thar..."], ["body", "How you be?"], ["created_at", 2017-02-12 18:03:36 UTC], ["updated_at", 2017-02-12 18:03:36 UTC]]
  [1m[35m (48.9ms)[0m  [1m[35mCOMMIT[0m
Redirected to http://localhost:3000/articles/2
Completed 302 Found in 57ms (ActiveRecord: 50.8ms)


Started GET "/articles/2" for 127.0.0.1 at 2017-02-12 12:03:36 -0600
Processing by ArticlesController#show as HTML
  Parameters: {"id"=>"2"}
  [1m[36mArticle Load (0.5ms)[0m  [1m[34mSELECT  "articles".* FROM "articles" WHERE "articles"."id" = $1 LIMIT $2[0m  [["id", 2], ["LIMIT", 1]]
  Rendering articles/show.html.erb within layouts/application
  Rendered articles/show.html.erb within layouts/application (1.2ms)
Completed 200 OK in 34ms (Views: 29.1ms | ActiveRecord: 0.8ms)


Started GET "/articles" for 127.0.0.1 at 2017-02-12 12:03:38 -0600
Processing by ArticlesController#index as HTML
  Rendering articles/index.html.erb within layouts/application
  [1m[36mArticle Load (4.0ms)[0m  [1m[34mSELECT "articles".* FROM "articles"[0m
  Rendered articles/index.html.erb within layouts/application (6.5ms)
Completed 200 OK in 49ms (Views: 42.9ms | ActiveRecord: 4.0ms)


  [1m[36mArticle Load (0.6ms)[0m  [1m[34mSELECT  "articles".* FROM "articles" ORDER BY "articles"."id" ASC LIMIT $1[0m  [["LIMIT", 1]]
  [1m[36mComment Load (0.5ms)[0m  [1m[34mSELECT "comments".* FROM "comments" WHERE "comments"."article_id" = $1[0m  [["article_id", 2]]
  [1m[35m (0.3ms)[0m  [1m[35mBEGIN[0m
  [1m[36mArticle Load (0.4ms)[0m  [1m[34mSELECT  "articles".* FROM "articles" WHERE "articles"."id" = $1 LIMIT $2[0m  [["id", 2], ["LIMIT", 1]]
  [1m[35mSQL (1.0ms)[0m  [1m[32mINSERT INTO "comments" ("article_id", "body", "created_at", "updated_at") VALUES ($1, $2, $3, $4) RETURNING "id"[0m  [["article_id", 2], ["body", "Hello to you, too!"], ["created_at", 2017-02-12 18:05:57 UTC], ["updated_at", 2017-02-12 18:05:57 UTC]]
  [1m[35m (25.6ms)[0m  [1m[35mCOMMIT[0m
  [1m[35m (0.3ms)[0m  [1m[35mBEGIN[0m
  [1m[36mArticle Load (0.5ms)[0m  [1m[34mSELECT  "articles".* FROM "articles" WHERE "articles"."id" = $1 LIMIT $2[0m  [["id", 2], ["LIMIT", 1]]
  [1m[35mSQL (0.6ms)[0m  [1m[32mINSERT INTO "comments" ("article_id", "body", "created_at", "updated_at") VALUES ($1, $2, $3, $4) RETURNING "id"[0m  [["article_id", 2], ["body", "What is happening here?"], ["created_at", 2017-02-12 18:06:08 UTC], ["updated_at", 2017-02-12 18:06:08 UTC]]
  [1m[35m (21.8ms)[0m  [1m[35mCOMMIT[0m
  [1m[35m (0.3ms)[0m  [1m[35mBEGIN[0m
  [1m[36mArticle Load (0.8ms)[0m  [1m[34mSELECT  "articles".* FROM "articles" WHERE "articles"."id" = $1 LIMIT $2[0m  [["id", 2], ["LIMIT", 1]]
  [1m[35mSQL (0.8ms)[0m  [1m[32mINSERT INTO "comments" ("article_id", "body", "created_at", "updated_at") VALUES ($1, $2, $3, $4) RETURNING "id"[0m  [["article_id", 2], ["body", "This place smells like waffles"], ["created_at", 2017-02-12 18:06:18 UTC], ["updated_at", 2017-02-12 18:06:18 UTC]]
  [1m[35m (24.6ms)[0m  [1m[35mCOMMIT[0m
  [1m[36mArticle Load (0.6ms)[0m  [1m[34mSELECT  "articles".* FROM "articles" WHERE "articles"."id" = $1 LIMIT $2[0m  [["id", 2], ["LIMIT", 1]]
  [1m[36mComment Load (0.7ms)[0m  [1m[34mSELECT "comments".* FROM "comments" WHERE "comments"."article_id" = $1[0m  [["article_id", 2]]
Started GET "/articles" for 127.0.0.1 at 2017-02-12 12:10:18 -0600
Processing by ArticlesController#index as HTML
  Rendering articles/index.html.erb within layouts/application
  [1m[36mArticle Load (0.9ms)[0m  [1m[34mSELECT "articles".* FROM "articles"[0m
  Rendered articles/index.html.erb within layouts/application (4.3ms)
Completed 200 OK in 60ms (Views: 57.6ms | ActiveRecord: 0.9ms)


Started GET "/articles/2" for 127.0.0.1 at 2017-02-12 12:10:21 -0600
Processing by ArticlesController#show as HTML
  Parameters: {"id"=>"2"}
  [1m[36mArticle Load (0.4ms)[0m  [1m[34mSELECT  "articles".* FROM "articles" WHERE "articles"."id" = $1 LIMIT $2[0m  [["id", 2], ["LIMIT", 1]]
  Rendering articles/show.html.erb within layouts/application
  [1m[36mComment Load (0.5ms)[0m  [1m[34mSELECT "comments".* FROM "comments" WHERE "comments"."article_id" = $1[0m  [["article_id", 2]]
  Rendered collection of articles/_comment.html.erb [3 times] (1.0ms)
  Rendered articles/show.html.erb within layouts/application (65.0ms)
Completed 200 OK in 102ms (Views: 92.0ms | ActiveRecord: 6.7ms)


Started GET "/articles/2" for 127.0.0.1 at 2017-02-12 12:10:50 -0600
Processing by ArticlesController#show as HTML
  Parameters: {"id"=>"2"}
  [1m[36mArticle Load (2.3ms)[0m  [1m[34mSELECT  "articles".* FROM "articles" WHERE "articles"."id" = $1 LIMIT $2[0m  [["id", 2], ["LIMIT", 1]]
  Rendering articles/show.html.erb within layouts/application
  [1m[36mComment Load (0.6ms)[0m  [1m[34mSELECT "comments".* FROM "comments" WHERE "comments"."article_id" = $1[0m  [["article_id", 2]]
  Rendered collection of articles/_comment.html.erb [3 times] (6.5ms)
  Rendered articles/show.html.erb within layouts/application (15.2ms)
Completed 200 OK in 63ms (Views: 54.8ms | ActiveRecord: 2.9ms)


Started GET "/articles/2" for 127.0.0.1 at 2017-02-12 12:10:57 -0600
Processing by ArticlesController#show as HTML
  Parameters: {"id"=>"2"}
  [1m[36mArticle Load (0.5ms)[0m  [1m[34mSELECT  "articles".* FROM "articles" WHERE "articles"."id" = $1 LIMIT $2[0m  [["id", 2], ["LIMIT", 1]]
  Rendering articles/show.html.erb within layouts/application
  [1m[36mComment Load (0.5ms)[0m  [1m[34mSELECT "comments".* FROM "comments" WHERE "comments"."article_id" = $1[0m  [["article_id", 2]]
  Rendered collection of articles/_comment.html.erb [3 times] (1.2ms)
  Rendered articles/show.html.erb within layouts/application (10.6ms)
Completed 200 OK in 46ms (Views: 41.9ms | ActiveRecord: 0.9ms)


Started GET "/articles/2" for 127.0.0.1 at 2017-02-12 12:11:04 -0600
Processing by ArticlesController#show as HTML
  Parameters: {"id"=>"2"}
  [1m[36mArticle Load (0.4ms)[0m  [1m[34mSELECT  "articles".* FROM "articles" WHERE "articles"."id" = $1 LIMIT $2[0m  [["id", 2], ["LIMIT", 1]]
  Rendering articles/show.html.erb within layouts/application
  [1m[36mComment Load (0.5ms)[0m  [1m[34mSELECT "comments".* FROM "comments" WHERE "comments"."article_id" = $1[0m  [["article_id", 2]]
  Rendered collection of articles/_comment.html.erb [3 times] (1.4ms)
  Rendered articles/show.html.erb within layouts/application (8.9ms)
Completed 200 OK in 42ms (Views: 36.7ms | ActiveRecord: 1.2ms)


Started GET "/articles/2" for 127.0.0.1 at 2017-02-12 12:11:30 -0600
Processing by ArticlesController#show as HTML
  Parameters: {"id"=>"2"}
  [1m[36mArticle Load (0.4ms)[0m  [1m[34mSELECT  "articles".* FROM "articles" WHERE "articles"."id" = $1 LIMIT $2[0m  [["id", 2], ["LIMIT", 1]]
  Rendering articles/show.html.erb within layouts/application
  [1m[36mComment Load (0.7ms)[0m  [1m[34mSELECT "comments".* FROM "comments" WHERE "comments"."article_id" = $1[0m  [["article_id", 2]]
  Rendered collection of articles/_comment.html.erb [3 times] (1.9ms)
  Rendered articles/show.html.erb within layouts/application (9.1ms)
Completed 200 OK in 48ms (Views: 41.9ms | ActiveRecord: 3.0ms)


Started GET "/articles/2" for 127.0.0.1 at 2017-02-12 12:13:43 -0600
Processing by ArticlesController#show as HTML
  Parameters: {"id"=>"2"}
  [1m[36mArticle Load (0.7ms)[0m  [1m[34mSELECT  "articles".* FROM "articles" WHERE "articles"."id" = $1 LIMIT $2[0m  [["id", 2], ["LIMIT", 1]]
  Rendering articles/show.html.erb within layouts/application
  Rendered comments/_form.html.erb (0.7ms)
  [1m[36mComment Load (0.4ms)[0m  [1m[34mSELECT "comments".* FROM "comments" WHERE "comments"."article_id" = $1[0m  [["article_id", 2]]
  Rendered collection of articles/_comment.html.erb [3 times] (1.7ms)
  Rendered articles/show.html.erb within layouts/application (10.8ms)
Completed 200 OK in 42ms (Views: 38.1ms | ActiveRecord: 1.1ms)


Started GET "/articles/2" for 127.0.0.1 at 2017-02-12 12:13:55 -0600
Processing by ArticlesController#show as HTML
  Parameters: {"id"=>"2"}
  [1m[36mArticle Load (0.4ms)[0m  [1m[34mSELECT  "articles".* FROM "articles" WHERE "articles"."id" = $1 LIMIT $2[0m  [["id", 2], ["LIMIT", 1]]
  Rendering articles/show.html.erb within layouts/application
  Rendered comments/_form.html.erb (0.7ms)
  [1m[36mComment Load (0.5ms)[0m  [1m[34mSELECT "comments".* FROM "comments" WHERE "comments"."article_id" = $1[0m  [["article_id", 2]]
  Rendered collection of articles/_comment.html.erb [3 times] (1.4ms)
  Rendered articles/show.html.erb within layouts/application (12.2ms)
Completed 200 OK in 48ms (Views: 44.3ms | ActiveRecord: 0.9ms)


Started GET "/articles/2" for 127.0.0.1 at 2017-02-12 12:19:00 -0600
Processing by ArticlesController#show as HTML
  Parameters: {"id"=>"2"}
  [1m[36mArticle Load (0.5ms)[0m  [1m[34mSELECT  "articles".* FROM "articles" WHERE "articles"."id" = $1 LIMIT $2[0m  [["id", 2], ["LIMIT", 1]]
  Rendering articles/show.html.erb within layouts/application
  Rendered comments/_form.html.erb (162.4ms)
  Rendered articles/show.html.erb within layouts/application (165.4ms)
Completed 500 Internal Server Error in 192ms (ActiveRecord: 0.5ms)


  
ActionView::Template::Error (undefined method `article_comments_path' for #<#<Class:0x007f308220db40>:0x007f308220c948>
Did you mean?  article_path):
    1: <h6>Join the discussion!</h6>
    2: 
    3: <%= form_for [@article, @comment] do |f| %>
    4:   <p>
    5:     <%= f.label :body %><br/>
    6:     <%= f.text_area :body %>
  
app/views/comments/_form.html.erb:3:in `_app_views_comments__form_html_erb___1776062704814307172_69923159206060'
app/views/articles/show.html.erb:16:in `_app_views_articles_show_html_erb__2679027570063443055_69923159175660'
  Rendering /var/lib/gems/2.3.0/gems/actionpack-5.0.1/lib/action_dispatch/middleware/templates/rescues/template_error.html.erb within rescues/layout
  Rendering /var/lib/gems/2.3.0/gems/actionpack-5.0.1/lib/action_dispatch/middleware/templates/rescues/_source.html.erb
  Rendered /var/lib/gems/2.3.0/gems/actionpack-5.0.1/lib/action_dispatch/middleware/templates/rescues/_source.html.erb (10.9ms)
  Rendering /var/lib/gems/2.3.0/gems/actionpack-5.0.1/lib/action_dispatch/middleware/templates/rescues/_trace.html.erb
  Rendered /var/lib/gems/2.3.0/gems/actionpack-5.0.1/lib/action_dispatch/middleware/templates/rescues/_trace.html.erb (5.1ms)
  Rendering /var/lib/gems/2.3.0/gems/actionpack-5.0.1/lib/action_dispatch/middleware/templates/rescues/_request_and_response.html.erb
  Rendered /var/lib/gems/2.3.0/gems/actionpack-5.0.1/lib/action_dispatch/middleware/templates/rescues/_request_and_response.html.erb (1.4ms)
  Rendered /var/lib/gems/2.3.0/gems/actionpack-5.0.1/lib/action_dispatch/middleware/templates/rescues/template_error.html.erb within rescues/layout (44.5ms)
Started GET "/articles/2" for 127.0.0.1 at 2017-02-12 12:20:16 -0600
Processing by ArticlesController#show as HTML
  Parameters: {"id"=>"2"}
  [1m[36mArticle Load (0.5ms)[0m  [1m[34mSELECT  "articles".* FROM "articles" WHERE "articles"."id" = $1 LIMIT $2[0m  [["id", 2], ["LIMIT", 1]]
  Rendering articles/show.html.erb within layouts/application
  Rendered comments/_form.html.erb (3.9ms)
  [1m[36mComment Load (0.4ms)[0m  [1m[34mSELECT "comments".* FROM "comments" WHERE "comments"."article_id" = $1[0m  [["article_id", 2]]
  Rendered collection of articles/_comment.html.erb [3 times] (1.1ms)
  Rendered articles/show.html.erb within layouts/application (17.3ms)
Completed 200 OK in 70ms (Views: 42.9ms | ActiveRecord: 0.9ms)


Started POST "/articles/2/comments" for 127.0.0.1 at 2017-02-12 12:20:31 -0600
  
SyntaxError (/home/joelercoaster/rails/rails_blog/app/controllers/comments_controller.rb:4: syntax error, unexpected ']', expecting tSTRING_CONTENT or tSTRING_DBEG or tSTRING_DVAR or tSTRING_END
		@comments = Comment.where(article_id: params[:])
		                                               ^
/home/joelercoaster/rails/rails_blog/app/controllers/comments_controller.rb:24: syntax error, unexpected end-of-input, expecting keyword_end):
  
app/controllers/comments_controller.rb:4: syntax error, unexpected ']', expecting tSTRING_CONTENT or tSTRING_DBEG or tSTRING_DVAR or tSTRING_END
app/controllers/comments_controller.rb:24: syntax error, unexpected end-of-input, expecting keyword_end
  Rendering /var/lib/gems/2.3.0/gems/actionpack-5.0.1/lib/action_dispatch/middleware/templates/rescues/diagnostics.html.erb within rescues/layout
  Rendering /var/lib/gems/2.3.0/gems/actionpack-5.0.1/lib/action_dispatch/middleware/templates/rescues/_source.html.erb
  Rendered /var/lib/gems/2.3.0/gems/actionpack-5.0.1/lib/action_dispatch/middleware/templates/rescues/_source.html.erb (7.2ms)
  Rendering /var/lib/gems/2.3.0/gems/actionpack-5.0.1/lib/action_dispatch/middleware/templates/rescues/_trace.html.erb
  Rendered /var/lib/gems/2.3.0/gems/actionpack-5.0.1/lib/action_dispatch/middleware/templates/rescues/_trace.html.erb (3.1ms)
  Rendering /var/lib/gems/2.3.0/gems/actionpack-5.0.1/lib/action_dispatch/middleware/templates/rescues/_request_and_response.html.erb
  Rendered /var/lib/gems/2.3.0/gems/actionpack-5.0.1/lib/action_dispatch/middleware/templates/rescues/_request_and_response.html.erb (2.6ms)
  Rendered /var/lib/gems/2.3.0/gems/actionpack-5.0.1/lib/action_dispatch/middleware/templates/rescues/diagnostics.html.erb within rescues/layout (37.6ms)
Started POST "/articles/2/comments" for 127.0.0.1 at 2017-02-12 12:24:07 -0600
Processing by CommentsController#create as HTML
  Parameters: {"utf8"=>"✓", "authenticity_token"=>"QUr+vtKKZxNE5bTn8FoRiQimtDjwPoaeD7LOf55Lpkxo+c2sr4rW0+8G5JmF7v9XaxoW04AmMN0l3YVXKUGnuA==", "comment"=>{"body"=>"I don't like the cut of your jibb."}, "commit"=>"Submit", "article_id"=>"2"}
Completed 500 Internal Server Error in 142ms (ActiveRecord: 0.0ms)


  
NameError (undefined local variable or method `parmas' for #<CommentsController:0x007f30822056e8>
Did you mean?  params):
  
app/controllers/comments_controller.rb:15:in `create'
  Rendering /var/lib/gems/2.3.0/gems/actionpack-5.0.1/lib/action_dispatch/middleware/templates/rescues/diagnostics.html.erb within rescues/layout
  Rendering /var/lib/gems/2.3.0/gems/actionpack-5.0.1/lib/action_dispatch/middleware/templates/rescues/_source.html.erb
  Rendered /var/lib/gems/2.3.0/gems/actionpack-5.0.1/lib/action_dispatch/middleware/templates/rescues/_source.html.erb (6.6ms)
  Rendering /var/lib/gems/2.3.0/gems/actionpack-5.0.1/lib/action_dispatch/middleware/templates/rescues/_trace.html.erb
  Rendered /var/lib/gems/2.3.0/gems/actionpack-5.0.1/lib/action_dispatch/middleware/templates/rescues/_trace.html.erb (4.1ms)
  Rendering /var/lib/gems/2.3.0/gems/actionpack-5.0.1/lib/action_dispatch/middleware/templates/rescues/_request_and_response.html.erb
  Rendered /var/lib/gems/2.3.0/gems/actionpack-5.0.1/lib/action_dispatch/middleware/templates/rescues/_request_and_response.html.erb (2.3ms)
  Rendered /var/lib/gems/2.3.0/gems/actionpack-5.0.1/lib/action_dispatch/middleware/templates/rescues/diagnostics.html.erb within rescues/layout (97.0ms)
Started POST "/articles/2/comments" for 127.0.0.1 at 2017-02-12 12:24:22 -0600
Processing by CommentsController#create as HTML
  Parameters: {"utf8"=>"✓", "authenticity_token"=>"QUr+vtKKZxNE5bTn8FoRiQimtDjwPoaeD7LOf55Lpkxo+c2sr4rW0+8G5JmF7v9XaxoW04AmMN0l3YVXKUGnuA==", "comment"=>{"body"=>"I don't like the cut of your jibb."}, "commit"=>"Submit", "article_id"=>"2"}
  [1m[35m (0.2ms)[0m  [1m[35mBEGIN[0m
  [1m[36mArticle Load (0.4ms)[0m  [1m[34mSELECT  "articles".* FROM "articles" WHERE "articles"."id" = $1 LIMIT $2[0m  [["id", 2], ["LIMIT", 1]]
  [1m[35mSQL (0.7ms)[0m  [1m[32mINSERT INTO "comments" ("article_id", "body", "created_at", "updated_at") VALUES ($1, $2, $3, $4) RETURNING "id"[0m  [["article_id", 2], ["body", "I don't like the cut of your jibb."], ["created_at", 2017-02-12 18:24:23 UTC], ["updated_at", 2017-02-12 18:24:23 UTC]]
  [1m[35m (21.1ms)[0m  [1m[35mCOMMIT[0m
Redirected to http://localhost:3000/articles/2
Completed 302 Found in 76ms (ActiveRecord: 22.5ms)


Started GET "/articles/2" for 127.0.0.1 at 2017-02-12 12:24:23 -0600
Processing by ArticlesController#show as HTML
  Parameters: {"id"=>"2"}
  [1m[36mArticle Load (0.4ms)[0m  [1m[34mSELECT  "articles".* FROM "articles" WHERE "articles"."id" = $1 LIMIT $2[0m  [["id", 2], ["LIMIT", 1]]
  Rendering articles/show.html.erb within layouts/application
  Rendered comments/_form.html.erb (3.7ms)
  [1m[36mComment Load (0.4ms)[0m  [1m[34mSELECT "comments".* FROM "comments" WHERE "comments"."article_id" = $1[0m  [["article_id", 2]]
  Rendered collection of articles/_comment.html.erb [4 times] (1.9ms)
  Rendered articles/show.html.erb within layouts/application (19.8ms)
Completed 200 OK in 79ms (Views: 73.2ms | ActiveRecord: 0.9ms)


